<?xml version="1.0" encoding="UTF-8"?>
<!-- Generated by org.testng.reporters.JUnitReportReporter -->
<testsuite hostname="Pappu" failures="0" tests="3" name="com.test.Checkbox" time="12.543" errors="0" timestamp="2024-07-25T13:54:05 CDT" skipped="0">
  <testcase classname="com.test.Checkbox" name="testCheckBox" time="3.032"/>
  <testcase classname="com.test.Checkbox" name="testCheckBox" time="5.737"/>
  <testcase classname="com.test.Checkbox" name="testCheckBox" time="3.774"/>
</testsuite> <!-- com.test.Checkbox -->
