<?xml version="1.0" encoding="UTF-8"?>
<!-- Generated by org.testng.reporters.JUnitReportReporter -->
<testsuite hostname="Pappu" failures="0" tests="5" name="com.apitest.ExampleAPI" time="4.322" errors="0" timestamp="2024-07-25T21:14:22 CDT" skipped="0">
  <testcase classname="com.apitest.ExampleAPI" name="testAPI" time="2.582"/>
  <testcase classname="com.apitest.ExampleAPI" name="testDelete" time="0.227"/>
  <testcase classname="com.apitest.ExampleAPI" name="testPost" time="1.006"/>
  <testcase classname="com.apitest.ExampleAPI" name="testGetPetByID" time="0.260"/>
  <testcase classname="com.apitest.ExampleAPI" name="testPut" time="0.247"/>
</testsuite> <!-- com.apitest.ExampleAPI -->
