<?xml version="1.0" encoding="UTF-8"?>
<!-- Generated by org.testng.reporters.JUnitReportReporter -->
<testsuite hostname="Pappu" failures="0" tests="3" name="testJava.testNg" time="0.009" errors="0" timestamp="2024-07-15T20:12:47 CDT" skipped="0">
  <testcase classname="testJava.testNg" name="test3" time="0.003"/>
  <testcase classname="testJava.testNg" name="test2" time="0.004"/>
  <testcase classname="testJava.testNg" name="test1" time="0.002"/>
</testsuite> <!-- testJava.testNg -->
