<?xml version="1.0" encoding="UTF-8"?>
<!-- Generated by org.testng.reporters.JUnitReportReporter -->
<testsuite hostname="Pappu" failures="0" tests="1" name="com.test.SeleniumAuthentication" time="2.510" errors="0" timestamp="2024-07-25T21:05:42 CDT" skipped="0">
  <testcase classname="com.test.SeleniumAuthentication" name="seleniumTest" time="2.510"/>
</testsuite> <!-- com.test.SeleniumAuthentication -->
