<?xml version="1.0" encoding="UTF-8"?>
<!-- Generated by org.testng.reporters.JUnitReportReporter -->
<testsuite hostname="Pappu" failures="0" tests="1" name="com.test.testNg" time="0.009" errors="0" timestamp="2024-07-24T21:50:35 CDT" skipped="0">
  <testcase classname="com.test.testNg" name="f" time="0.009"/>
</testsuite> <!-- com.test.testNg -->
