<?xml version="1.0" encoding="UTF-8"?>
<!-- Generated by org.testng.reporters.JUnitReportReporter -->
<testsuite hostname="Pappu" failures="0" tests="1" name="com.test.ShadowRootEx" time="2.434" errors="0" timestamp="2024-07-25T13:57:45 CDT" skipped="0">
  <testcase classname="com.test.ShadowRootEx" name="testAlert" time="2.434"/>
</testsuite> <!-- com.test.ShadowRootEx -->
