<?xml version="1.0" encoding="UTF-8"?>
<!-- Generated by org.testng.reporters.JUnitReportReporter -->
<testsuite hostname="Pappu" failures="0" tests="1" name="com.test.MouseMove" time="3.425" errors="0" timestamp="2024-07-25T21:00:11 CDT" skipped="0">
  <testcase classname="com.test.MouseMove" name="testMouseMove" time="3.425"/>
</testsuite> <!-- com.test.MouseMove -->
