<?xml version="1.0" encoding="UTF-8"?>
<!-- Generated by org.testng.reporters.JUnitReportReporter -->
<testsuite hostname="Pappu" failures="0" tests="1" name="com.test.NewTest" time="0.008" errors="0" timestamp="2024-07-24T22:12:30 CDT" skipped="0">
  <testcase classname="com.test.NewTest" name="f" time="0.008"/>
</testsuite> <!-- com.test.NewTest -->
