<?xml version="1.0" encoding="UTF-8"?>
<!-- Generated by org.testng.reporters.JUnitReportReporter -->
<testsuite hostname="Pappu" failures="0" tests="1" name="com.test.JsExample" time="22.191" errors="0" timestamp="2024-07-25T14:01:31 CDT" skipped="0">
  <testcase classname="com.test.JsExample" name="test1" time="22.191"/>
</testsuite> <!-- com.test.JsExample -->
