<?xml version="1.0" encoding="UTF-8"?>
<!-- Generated by org.testng.reporters.JUnitReportReporter -->
<testsuite hostname="Pappu" failures="0" tests="6" name="com.test.DragAndDrop" time="22.801" errors="0" timestamp="2024-07-25T13:54:05 CDT" skipped="0">
  <testcase classname="com.test.DragAndDrop" name="dragAndDropBy" time="5.764"/>
  <testcase classname="com.test.DragAndDrop" name="dragAndDropBy" time="3.632"/>
  <testcase classname="com.test.DragAndDrop" name="testDragAndDrop" time="3.651"/>
  <testcase classname="com.test.DragAndDrop" name="testDragAndDrop" time="2.391"/>
  <testcase classname="com.test.DragAndDrop" name="testDragAndDrop" time="4.634"/>
  <testcase classname="com.test.DragAndDrop" name="dragAndDropBy" time="2.729"/>
</testsuite> <!-- com.test.DragAndDrop -->
