<?xml version="1.0" encoding="UTF-8"?>
<!-- Generated by org.testng.reporters.JUnitReportReporter -->
<testsuite hostname="Pappu" failures="0" tests="1" name="com.test.HandleAlert" time="4.584" errors="0" timestamp="2024-07-25T21:08:59 CDT" skipped="0">
  <testcase classname="com.test.HandleAlert" name="testAlert" time="4.584"/>
</testsuite> <!-- com.test.HandleAlert -->
