<?xml version="1.0" encoding="UTF-8"?>
<!-- Generated by org.testng.reporters.JUnitReportReporter -->
<testsuite hostname="Pappu" failures="0" tests="2" name="com.test.Webtable" time="8.899" errors="0" timestamp="2024-07-25T13:57:30 CDT" skipped="0">
  <testcase classname="com.test.Webtable" name="testWebtable" time="3.143"/>
  <testcase classname="com.test.Webtable" name="testWebtable1" time="5.756"/>
</testsuite> <!-- com.test.Webtable -->
