<?xml version="1.0" encoding="UTF-8"?>
<!-- Generated by org.testng.reporters.JUnitReportReporter -->
<testsuite hostname="Pappu" failures="0" tests="2" name="com.test.FileUploadDownload" time="7.305" errors="0" timestamp="2024-07-25T20:49:42 CDT" skipped="0">
  <testcase classname="com.test.FileUploadDownload" name="testUpload" time="2.354"/>
  <testcase classname="com.test.FileUploadDownload" name="testDownload" time="4.951"/>
</testsuite> <!-- com.test.FileUploadDownload -->
