<?xml version="1.0" encoding="UTF-8"?>
<!-- Generated by org.testng.reporters.JUnitReportReporter -->
<testsuite hostname="Pappu" failures="0" tests="1" name="com.test.HandleButtons" time="9.318" errors="0" timestamp="2024-07-25T21:08:07 CDT" skipped="0">
  <testcase classname="com.test.HandleButtons" name="testAlert" time="9.318"/>
</testsuite> <!-- com.test.HandleButtons -->
