<?xml version="1.0" encoding="UTF-8"?>
<!-- Generated by org.testng.reporters.JUnitReportReporter -->
<testsuite hostname="Pappu" failures="0" tests="2" name="com.test.HandleIframe" time="34.378" errors="0" timestamp="2024-07-25T21:01:01 CDT" skipped="0">
  <testcase classname="com.test.HandleIframe" name="testIFrame" time="15.293"/>
  <testcase classname="com.test.HandleIframe" name="testNestedIframe" time="19.085"/>
</testsuite> <!-- com.test.HandleIframe -->
