<?xml version="1.0" encoding="UTF-8"?>
<!-- Generated by org.testng.reporters.JUnitReportReporter -->
<testsuite hostname="Pappu" failures="0" tests="1" name="Assignment.userLogin" time="24.999" errors="0" timestamp="2024-07-21T00:03:40 CDT" skipped="0">
  <testcase classname="Assignment.userLogin" name="addUser" time="24.999"/>
</testsuite> <!-- Assignment.userLogin -->
